<?xml version="1.0" encoding="UTF-8"?>
<!-- Generated by org.testng.reporters.JUnitReportReporter -->
<testsuite skipped="0" hostname="DESKTOP-ORPIEMA" name="com.alevel.SearchTests" tests="2" failures="0" timestamp="23 сен 2019 14:41:20 GMT" time="67.560" errors="0">
  <testcase name="checkSearchResultsPO" time="32.432" classname="com.alevel.SearchTests"/>
  <testcase name="checkSearchResultsPO" time="35.128" classname="com.alevel.SearchTests"/>
</testsuite> <!-- com.alevel.SearchTests -->
