<?xml version="1.0" encoding="UTF-8"?>
<!-- Generated by org.testng.reporters.JUnitReportReporter -->
<testsuite skipped="0" hostname="DESKTOP-ORPIEMA" name="com.alevel.YTPageTest" tests="1" failures="0" timestamp="23 сен 2019 14:41:20 GMT" time="18.698" errors="0">
  <testcase name="checkThatAfterClickOnTwitterSocIconOpensTwitterPage" time="18.698" classname="com.alevel.YTPageTest"/>
</testsuite> <!-- com.alevel.YTPageTest -->
