<?xml version="1.0" encoding="UTF-8"?>
<!-- Generated by org.testng.reporters.JUnitReportReporter -->
<testsuite skipped="0" hostname="DESKTOP-ORPIEMA" name="com.alevel.AndroidAppLinkTest" tests="1" failures="0" timestamp="23 сен 2019 08:58:44 GMT" time="18.778" errors="0">
  <testcase name="checkThatAfterClickOnAndroidIconOpensGoogleMarketPage" time="18.778" classname="com.alevel.AndroidAppLinkTest"/>
</testsuite> <!-- com.alevel.AndroidAppLinkTest -->
