<?xml version="1.0" encoding="UTF-8"?>
<!-- Generated by org.testng.reporters.JUnitReportReporter -->
<testsuite skipped="0" hostname="DESKTOP-ORPIEMA" name="com.alevel.ViberPageTest" tests="1" failures="0" timestamp="23 сен 2019 14:41:20 GMT" time="16.920" errors="0">
  <testcase name="checkThatAfterClickOnTwitterSocIconOpensTwitterPage" time="16.920" classname="com.alevel.ViberPageTest"/>
</testsuite> <!-- com.alevel.ViberPageTest -->
