<?xml version="1.0" encoding="UTF-8"?>
<!-- Generated by org.testng.reporters.JUnitReportReporter -->
<testsuite skipped="0" hostname="DESKTOP-ORPIEMA" name="com.alevel.CitySelectTest" tests="1" failures="0" timestamp="23 сен 2019 14:41:20 GMT" time="14.552" errors="0">
  <testcase name="checkThatUserCanSelectCityUsingCitySelectAtHeader" time="14.552" classname="com.alevel.CitySelectTest"/>
</testsuite> <!-- com.alevel.CitySelectTest -->
