<?xml version="1.0" encoding="UTF-8"?>
<!-- Generated by org.testng.reporters.JUnitReportReporter -->
<testsuite skipped="0" hostname="DESKTOP-ORPIEMA" name="com.alevel.IOSApplinkTest" tests="1" failures="0" timestamp="23 сен 2019 14:41:20 GMT" time="29.417" errors="0">
  <testcase name="checkThatAfterClickOnIOSIconOpensAppStorePage" time="29.417" classname="com.alevel.IOSApplinkTest"/>
</testsuite> <!-- com.alevel.IOSApplinkTest -->
