<?xml version="1.0" encoding="UTF-8"?>
<!-- Generated by org.testng.reporters.JUnitReportReporter -->
<testsuite skipped="0" hostname="DESKTOP-ORPIEMA" name="com.alevel.TwitterSocIconTest" tests="1" failures="0" timestamp="23 сен 2019 14:41:20 GMT" time="15.950" errors="0">
  <testcase name="checkThatAfterClickOnTwitterSocIconOpensTwitterPage" time="15.950" classname="com.alevel.TwitterSocIconTest"/>
</testsuite> <!-- com.alevel.TwitterSocIconTest -->
