<?xml version="1.0" encoding="UTF-8"?>
<!-- Generated by org.testng.reporters.JUnitReportReporter -->
<testsuite skipped="0" hostname="DESKTOP-ORPIEMA" name="com.alevel.AndroidAppLinkTest" tests="1" failures="0" timestamp="22 сен 2019 10:37:31 GMT" time="21.649" errors="0">
  <testcase name="checkThatAfterClickOnAndroidIconOpensGoogleMarketPage" time="21.649" classname="com.alevel.AndroidAppLinkTest"/>
</testsuite> <!-- com.alevel.AndroidAppLinkTest -->
